# JRE version: OpenJDK Runtime Environment Temurin-21.0.9+10 (21.0.9+10) (build 21.0.9+10-LTS)
# Java VM: OpenJDK 64-Bit Server VM Temurin-21.0.9+10 (21.0.9+10-LTS, mixed mode, sharing, tiered, compressed oops, compressed class ptrs, parallel gc, windows-amd64)
GC Precious Log:
 CardTable entry size: 512
 CPUs: 20 total, 20 available
 Memory: 16068M
 Large Page Support: Disabled
 NUMA Support: Disabled
 Compressed Oops: Enabled (32-bit)
 Alignments: Space 512K, Generation 512K, Heap 2M
 Heap Min Capacity: 100M
 Heap Initial Capacity: 100M
 Heap Max Capacity: 2G
 Pre-touch: Disabled
 Parallel Workers: 15
Heap:
 PSYoungGen      total 7168K, used 1010K [0x00000000d5580000, 0x00000000d5d80000, 0x0000000100000000)
  eden space 6144K, 0% used [0x00000000d5580000,0x00000000d5580000,0x00000000d5b80000)
  from space 1024K, 98% used [0x00000000d5b80000,0x00000000d5c7c820,0x00000000d5c80000)
  to   space 1024K, 0% used [0x00000000d5c80000,0x00000000d5c80000,0x00000000d5d80000)
 ParOldGen       total 730112K, used 729610K [0x0000000080000000, 0x00000000ac900000, 0x00000000d5580000)
  object space 730112K, 99% used [0x0000000080000000,0x00000000ac882878,0x00000000ac900000)
 Metaspace       used 99123K, committed 100992K, reserved 1179648K
  class space    used 10331K, committed 11200K, reserved 1048576K
GC Heap History (20 events):
Event: 1451.777 GC heap before
{Heap before GC invocations=1700 (full 5):
 PSYoungGen      total 8192K, used 7849K [0x00000000d5580000, 0x00000000d5e80000, 0x0000000100000000)
  eden space 7168K, 100% used [0x00000000d5580000,0x00000000d5c80000,0x00000000d5c80000)
  from space 1024K, 66% used [0x00000000d5d80000,0x00000000d5e2a7e0,0x00000000d5e80000)
  to   space 1024K, 0% used [0x00000000d5c80000,0x00000000d5c80000,0x00000000d5d80000)
 ParOldGen       total 723456K, used 723081K [0x0000000080000000, 0x00000000ac280000, 0x00000000d5580000)
  object space 723456K, 99% used [0x0000000080000000,0x00000000ac2225f0,0x00000000ac280000)
 Metaspace       used 99114K, committed 100992K, reserved 1179648K
  class space    used 10330K, committed 11200K, reserved 1048576K
}
Event: 1451.778 GC heap after
{Heap after GC invocations=1700 (full 5):
 PSYoungGen      total 8192K, used 708K [0x00000000d5580000, 0x00000000d5e80000, 0x0000000100000000)
  eden space 7168K, 0% used [0x00000000d5580000,0x00000000d5580000,0x00000000d5c80000)
  from space 1024K, 69% used [0x00000000d5c80000,0x00000000d5d31198,0x00000000d5d80000)
  to   space 1024K, 0% used [0x00000000d5d80000,0x00000000d5d80000,0x00000000d5e80000)
 ParOldGen       total 723968K, used 723457K [0x0000000080000000, 0x00000000ac300000, 0x00000000d5580000)
  object space 723968K, 99% used [0x0000000080000000,0x00000000ac2805f0,0x00000000ac300000)
 Metaspace       used 99114K, committed 100992K, reserved 1179648K
  class space    used 10330K, committed 11200K, reserved 1048576K
}
Event: 1451.784 GC heap before
{Heap before GC invocations=1701 (full 5):
 PSYoungGen      total 8192K, used 7876K [0x00000000d5580000, 0x00000000d5e80000, 0x0000000100000000)
  eden space 7168K, 100% used [0x00000000d5580000,0x00000000d5c80000,0x00000000d5c80000)
  from space 1024K, 69% used [0x00000000d5c80000,0x00000000d5d31198,0x00000000d5d80000)
  to   space 1024K, 0% used [0x00000000d5d80000,0x00000000d5d80000,0x00000000d5e80000)
 ParOldGen       total 723968K, used 723476K [0x0000000080000000, 0x00000000ac300000, 0x00000000d5580000)
  object space 723968K, 99% used [0x0000000080000000,0x00000000ac285220,0x00000000ac300000)
 Metaspace       used 99114K, committed 100992K, reserved 1179648K
  class space    used 10330K, committed 11200K, reserved 1048576K
}
Event: 1451.785 GC heap after
{Heap after GC invocations=1701 (full 5):
 PSYoungGen      total 8192K, used 699K [0x00000000d5580000, 0x00000000d5e80000, 0x0000000100000000)
  eden space 7168K, 0% used [0x00000000d5580000,0x00000000d5580000,0x00000000d5c80000)
  from space 1024K, 68% used [0x00000000d5d80000,0x00000000d5e2edb8,0x00000000d5e80000)
  to   space 1024K, 0% used [0x00000000d5c80000,0x00000000d5c80000,0x00000000d5d80000)
 ParOldGen       total 723968K, used 723933K [0x0000000080000000, 0x00000000ac300000, 0x00000000d5580000)
  object space 723968K, 99% used [0x0000000080000000,0x00000000ac2f7620,0x00000000ac300000)
 Metaspace       used 99114K, committed 100992K, reserved 1179648K
  class space    used 10330K, committed 11200K, reserved 1048576K
}
Event: 1451.794 GC heap before
{Heap before GC invocations=1702 (full 5):
 PSYoungGen      total 8192K, used 7852K [0x00000000d5580000, 0x00000000d5e80000, 0x0000000100000000)
  eden space 7168K, 99% used [0x00000000d5580000,0x00000000d5c7c540,0x00000000d5c80000)
  from space 1024K, 68% used [0x00000000d5d80000,0x00000000d5e2edb8,0x00000000d5e80000)
  to   space 1024K, 0% used [0x00000000d5c80000,0x00000000d5c80000,0x00000000d5d80000)
 ParOldGen       total 723968K, used 723933K [0x0000000080000000, 0x00000000ac300000, 0x00000000d5580000)
  object space 723968K, 99% used [0x0000000080000000,0x00000000ac2f7620,0x00000000ac300000)
 Metaspace       used 99114K, committed 100992K, reserved 1179648K
  class space    used 10330K, committed 11200K, reserved 1048576K
}
Event: 1451.795 GC heap after
{Heap after GC invocations=1702 (full 5):
 PSYoungGen      total 8192K, used 704K [0x00000000d5580000, 0x00000000d5e80000, 0x0000000100000000)
  eden space 7168K, 0% used [0x00000000d5580000,0x00000000d5580000,0x00000000d5c80000)
  from space 1024K, 68% used [0x00000000d5c80000,0x00000000d5d30000,0x00000000d5d80000)
  to   space 1024K, 0% used [0x00000000d5d80000,0x00000000d5d80000,0x00000000d5e80000)
 ParOldGen       total 724480K, used 724309K [0x0000000080000000, 0x00000000ac380000, 0x00000000d5580000)
  object space 724480K, 99% used [0x0000000080000000,0x00000000ac355620,0x00000000ac380000)
 Metaspace       used 99114K, committed 100992K, reserved 1179648K
  class space    used 10330K, committed 11200K, reserved 1048576K
}
Event: 1451.807 GC heap before
{Heap before GC invocations=1703 (full 5):
 PSYoungGen      total 8192K, used 7872K [0x00000000d5580000, 0x00000000d5e80000, 0x0000000100000000)
  eden space 7168K, 100% used [0x00000000d5580000,0x00000000d5c80000,0x00000000d5c80000)
  from space 1024K, 68% used [0x00000000d5c80000,0x00000000d5d30000,0x00000000d5d80000)
  to   space 1024K, 0% used [0x00000000d5d80000,0x00000000d5d80000,0x00000000d5e80000)
 ParOldGen       total 724480K, used 724309K [0x0000000080000000, 0x00000000ac380000, 0x00000000d5580000)
  object space 724480K, 99% used [0x0000000080000000,0x00000000ac355620,0x00000000ac380000)
 Metaspace       used 99114K, committed 100992K, reserved 1179648K
  class space    used 10330K, committed 11200K, reserved 1048576K
}
Event: 1451.808 GC heap after
{Heap after GC invocations=1703 (full 5):
 PSYoungGen      total 7168K, used 1016K [0x00000000d5580000, 0x00000000d6080000, 0x0000000100000000)
  eden space 6144K, 0% used [0x00000000d5580000,0x00000000d5580000,0x00000000d5b80000)
  from space 1024K, 99% used [0x00000000d5d80000,0x00000000d5e7e088,0x00000000d5e80000)
  to   space 2048K, 0% used [0x00000000d5b80000,0x00000000d5b80000,0x00000000d5d80000)
 ParOldGen       total 725504K, used 725086K [0x0000000080000000, 0x00000000ac480000, 0x00000000d5580000)
  object space 725504K, 99% used [0x0000000080000000,0x00000000ac4178e0,0x00000000ac480000)
 Metaspace       used 99114K, committed 100992K, reserved 1179648K
  class space    used 10330K, committed 11200K, reserved 1048576K
}
Event: 1451.818 GC heap before
{Heap before GC invocations=1704 (full 5):
 PSYoungGen      total 7168K, used 7160K [0x00000000d5580000, 0x00000000d6080000, 0x0000000100000000)
  eden space 6144K, 100% used [0x00000000d5580000,0x00000000d5b80000,0x00000000d5b80000)
  from space 1024K, 99% used [0x00000000d5d80000,0x00000000d5e7e088,0x00000000d5e80000)
  to   space 2048K, 0% used [0x00000000d5b80000,0x00000000d5b80000,0x00000000d5d80000)
 ParOldGen       total 725504K, used 725086K [0x0000000080000000, 0x00000000ac480000, 0x00000000d5580000)
  object space 725504K, 99% used [0x0000000080000000,0x00000000ac4178e0,0x00000000ac480000)
 Metaspace       used 99114K, committed 100992K, reserved 1179648K
  class space    used 10330K, committed 11200K, reserved 1048576K
}
Event: 1451.820 GC heap after
{Heap after GC invocations=1704 (full 5):
 PSYoungGen      total 7680K, used 1165K [0x00000000d5580000, 0x00000000d5e80000, 0x0000000100000000)
  eden space 6144K, 0% used [0x00000000d5580000,0x00000000d5580000,0x00000000d5b80000)
  from space 1536K, 75% used [0x00000000d5b80000,0x00000000d5ca3400,0x00000000d5d00000)
  to   space 1536K, 0% used [0x00000000d5d00000,0x00000000d5d00000,0x00000000d5e80000)
 ParOldGen       total 726016K, used 725755K [0x0000000080000000, 0x00000000ac500000, 0x00000000d5580000)
  object space 726016K, 99% used [0x0000000080000000,0x00000000ac4bec30,0x00000000ac500000)
 Metaspace       used 99114K, committed 100992K, reserved 1179648K
  class space    used 10330K, committed 11200K, reserved 1048576K
}
Event: 1451.829 GC heap before
{Heap before GC invocations=1705 (full 5):
 PSYoungGen      total 7680K, used 7309K [0x00000000d5580000, 0x00000000d5e80000, 0x0000000100000000)
  eden space 6144K, 100% used [0x00000000d5580000,0x00000000d5b80000,0x00000000d5b80000)
  from space 1536K, 75% used [0x00000000d5b80000,0x00000000d5ca3400,0x00000000d5d00000)
  to   space 1536K, 0% used [0x00000000d5d00000,0x00000000d5d00000,0x00000000d5e80000)
 ParOldGen       total 726016K, used 725755K [0x0000000080000000, 0x00000000ac500000, 0x00000000d5580000)
  object space 726016K, 99% used [0x0000000080000000,0x00000000ac4bec30,0x00000000ac500000)
 Metaspace       used 99114K, committed 100992K, reserved 1179648K
  class space    used 10330K, committed 11200K, reserved 1048576K
}
Event: 1451.830 GC heap after
{Heap after GC invocations=1705 (full 5):
 PSYoungGen      total 7680K, used 1021K [0x00000000d5580000, 0x00000000d5e80000, 0x0000000100000000)
  eden space 6144K, 0% used [0x00000000d5580000,0x00000000d5580000,0x00000000d5b80000)
  from space 1536K, 66% used [0x00000000d5d00000,0x00000000d5dff4c8,0x00000000d5e80000)
  to   space 1536K, 0% used [0x00000000d5b80000,0x00000000d5b80000,0x00000000d5d00000)
 ParOldGen       total 727040K, used 726679K [0x0000000080000000, 0x00000000ac600000, 0x00000000d5580000)
  object space 727040K, 99% used [0x0000000080000000,0x00000000ac5a5d80,0x00000000ac600000)
 Metaspace       used 99114K, committed 100992K, reserved 1179648K
  class space    used 10330K, committed 11200K, reserved 1048576K
}
Event: 1451.836 GC heap before
{Heap before GC invocations=1706 (full 5):
 PSYoungGen      total 7680K, used 7165K [0x00000000d5580000, 0x00000000d5e80000, 0x0000000100000000)
  eden space 6144K, 100% used [0x00000000d5580000,0x00000000d5b80000,0x00000000d5b80000)
  from space 1536K, 66% used [0x00000000d5d00000,0x00000000d5dff4c8,0x00000000d5e80000)
  to   space 1536K, 0% used [0x00000000d5b80000,0x00000000d5b80000,0x00000000d5d00000)
 ParOldGen       total 727040K, used 726679K [0x0000000080000000, 0x00000000ac600000, 0x00000000d5580000)
  object space 727040K, 99% used [0x0000000080000000,0x00000000ac5a5d80,0x00000000ac600000)
 Metaspace       used 99114K, committed 100992K, reserved 1179648K
  class space    used 10330K, committed 11200K, reserved 1048576K
}
Event: 1451.838 GC heap after
{Heap after GC invocations=1706 (full 5):
 PSYoungGen      total 6656K, used 448K [0x00000000d5580000, 0x00000000d5d80000, 0x0000000100000000)
  eden space 6144K, 0% used [0x00000000d5580000,0x00000000d5580000,0x00000000d5b80000)
  from space 512K, 87% used [0x00000000d5b80000,0x00000000d5bf0000,0x00000000d5c00000)
  to   space 1024K, 0% used [0x00000000d5c80000,0x00000000d5c80000,0x00000000d5d80000)
 ParOldGen       total 727552K, used 727434K [0x0000000080000000, 0x00000000ac680000, 0x00000000d5580000)
  object space 727552K, 99% used [0x0000000080000000,0x00000000ac662948,0x00000000ac680000)
 Metaspace       used 99114K, committed 100992K, reserved 1179648K
  class space    used 10330K, committed 11200K, reserved 1048576K
}
Event: 1451.846 GC heap before
{Heap before GC invocations=1707 (full 5):
 PSYoungGen      total 6656K, used 6494K [0x00000000d5580000, 0x00000000d5d80000, 0x0000000100000000)
  eden space 6144K, 98% used [0x00000000d5580000,0x00000000d5b67a20,0x00000000d5b80000)
  from space 512K, 87% used [0x00000000d5b80000,0x00000000d5bf0000,0x00000000d5c00000)
  to   space 1024K, 0% used [0x00000000d5c80000,0x00000000d5c80000,0x00000000d5d80000)
 ParOldGen       total 727552K, used 727434K [0x0000000080000000, 0x00000000ac680000, 0x00000000d5580000)
  object space 727552K, 99% used [0x0000000080000000,0x00000000ac662948,0x00000000ac680000)
 Metaspace       used 99114K, committed 100992K, reserved 1179648K
  class space    used 10330K, committed 11200K, reserved 1048576K
}
Event: 1451.847 GC heap after
{Heap after GC invocations=1707 (full 5):
 PSYoungGen      total 6656K, used 480K [0x00000000d5580000, 0x00000000d5d00000, 0x0000000100000000)
  eden space 6144K, 0% used [0x00000000d5580000,0x00000000d5580000,0x00000000d5b80000)
  from space 512K, 93% used [0x00000000d5c80000,0x00000000d5cf8000,0x00000000d5d00000)
  to   space 512K, 0% used [0x00000000d5b80000,0x00000000d5b80000,0x00000000d5c00000)
 ParOldGen       total 728064K, used 727706K [0x0000000080000000, 0x00000000ac700000, 0x00000000d5580000)
  object space 728064K, 99% used [0x0000000080000000,0x00000000ac6a6948,0x00000000ac700000)
 Metaspace       used 99114K, committed 100992K, reserved 1179648K
  class space    used 10330K, committed 11200K, reserved 1048576K
}
Event: 1451.870 GC heap before
{Heap before GC invocations=1708 (full 5):
 PSYoungGen      total 6656K, used 6624K [0x00000000d5580000, 0x00000000d5d00000, 0x0000000100000000)
  eden space 6144K, 100% used [0x00000000d5580000,0x00000000d5b80000,0x00000000d5b80000)
  from space 512K, 93% used [0x00000000d5c80000,0x00000000d5cf8000,0x00000000d5d00000)
  to   space 512K, 0% used [0x00000000d5b80000,0x00000000d5b80000,0x00000000d5c00000)
 ParOldGen       total 728064K, used 727706K [0x0000000080000000, 0x00000000ac700000, 0x00000000d5580000)
  object space 728064K, 99% used [0x0000000080000000,0x00000000ac6a6948,0x00000000ac700000)
 Metaspace       used 99121K, committed 100992K, reserved 1179648K
  class space    used 10331K, committed 11200K, reserved 1048576K
}
Event: 1451.871 GC heap after
{Heap after GC invocations=1708 (full 5):
 PSYoungGen      total 6656K, used 512K [0x00000000d5580000, 0x00000000d5d80000, 0x0000000100000000)
  eden space 6144K, 0% used [0x00000000d5580000,0x00000000d5580000,0x00000000d5b80000)
  from space 512K, 100% used [0x00000000d5b80000,0x00000000d5c00000,0x00000000d5c00000)
  to   space 1024K, 0% used [0x00000000d5c80000,0x00000000d5c80000,0x00000000d5d80000)
 ParOldGen       total 728064K, used 727874K [0x0000000080000000, 0x00000000ac700000, 0x00000000d5580000)
  object space 728064K, 99% used [0x0000000080000000,0x00000000ac6d0948,0x00000000ac700000)
 Metaspace       used 99121K, committed 100992K, reserved 1179648K
  class space    used 10331K, committed 11200K, reserved 1048576K
}
Event: 1451.883 GC heap before
{Heap before GC invocations=1709 (full 5):
 PSYoungGen      total 6656K, used 6640K [0x00000000d5580000, 0x00000000d5d80000, 0x0000000100000000)
  eden space 6144K, 99% used [0x00000000d5580000,0x00000000d5b7c248,0x00000000d5b80000)
  from space 512K, 100% used [0x00000000d5b80000,0x00000000d5c00000,0x00000000d5c00000)
  to   space 1024K, 0% used [0x00000000d5c80000,0x00000000d5c80000,0x00000000d5d80000)
 ParOldGen       total 728064K, used 727874K [0x0000000080000000, 0x00000000ac700000, 0x00000000d5580000)
  object space 728064K, 99% used [0x0000000080000000,0x00000000ac6d0948,0x00000000ac700000)
 Metaspace       used 99121K, committed 100992K, reserved 1179648K
  class space    used 10331K, committed 11200K, reserved 1048576K
}
Event: 1451.885 GC heap after
{Heap after GC invocations=1709 (full 5):
 PSYoungGen      total 7168K, used 960K [0x00000000d5580000, 0x00000000d5d80000, 0x0000000100000000)
  eden space 6144K, 0% used [0x00000000d5580000,0x00000000d5580000,0x00000000d5b80000)
  from space 1024K, 93% used [0x00000000d5c80000,0x00000000d5d70020,0x00000000d5d80000)
  to   space 1024K, 0% used [0x00000000d5b80000,0x00000000d5b80000,0x00000000d5c80000)
 ParOldGen       total 728576K, used 728224K [0x0000000080000000, 0x00000000ac780000, 0x00000000d5580000)
  object space 728576K, 99% used [0x0000000080000000,0x00000000ac7280b8,0x00000000ac780000)
 Metaspace       used 99121K, committed 100992K, reserved 1179648K
  class space    used 10331K, committed 11200K, reserved 1048576K
}

