# JRE version: OpenJDK Runtime Environment Temurin-21.0.9+10 (21.0.9+10) (build 21.0.9+10-LTS)
# Java VM: OpenJDK 64-Bit Server VM Temurin-21.0.9+10 (21.0.9+10-LTS, mixed mode, sharing, tiered, compressed oops, compressed class ptrs, parallel gc, windows-amd64)
GC Precious Log:
 CardTable entry size: 512
 CPUs: 20 total, 20 available
 Memory: 16068M
 Large Page Support: Disabled
 NUMA Support: Disabled
 Compressed Oops: Enabled (32-bit)
 Alignments: Space 512K, Generation 512K, Heap 2M
 Heap Min Capacity: 100M
 Heap Initial Capacity: 100M
 Heap Max Capacity: 2G
 Pre-touch: Disabled
 Parallel Workers: 15
Heap:
 PSYoungGen      total 15360K, used 12451K [0x00000000d5580000, 0x00000000d6600000, 0x0000000100000000)
  eden space 13824K, 81% used [0x00000000d5580000,0x00000000d6088d08,0x00000000d6300000)
  from space 1536K, 75% used [0x00000000d6400000,0x00000000d6520020,0x00000000d6580000)
  to   space 512K, 0% used [0x00000000d6580000,0x00000000d6580000,0x00000000d6600000)
 ParOldGen       total 68608K, used 59066K [0x0000000080000000, 0x0000000084300000, 0x00000000d5580000)
  object space 68608K, 86% used [0x0000000080000000,0x00000000839aeb48,0x0000000084300000)
 Metaspace       used 51774K, committed 53184K, reserved 1114112K
  class space    used 5529K, committed 6144K, reserved 1048576K
GC Heap History (20 events):
Event: 6.500 GC heap before
{Heap before GC invocations=32 (full 2):
 PSYoungGen      total 17920K, used 17664K [0x00000000d5580000, 0x00000000d6900000, 0x0000000100000000)
  eden space 15872K, 100% used [0x00000000d5580000,0x00000000d6500000,0x00000000d6500000)
  from space 2048K, 87% used [0x00000000d6500000,0x00000000d66c0010,0x00000000d6700000)
  to   space 2048K, 0% used [0x00000000d6700000,0x00000000d6700000,0x00000000d6900000)
 ParOldGen       total 68608K, used 46554K [0x0000000080000000, 0x0000000084300000, 0x00000000d5580000)
  object space 68608K, 67% used [0x0000000080000000,0x0000000082d768f0,0x0000000084300000)
 Metaspace       used 49350K, committed 50688K, reserved 1114112K
  class space    used 5345K, committed 5952K, reserved 1048576K
}
Event: 6.502 GC heap after
{Heap after GC invocations=32 (full 2):
 PSYoungGen      total 17920K, used 1504K [0x00000000d5580000, 0x00000000d6900000, 0x0000000100000000)
  eden space 15872K, 0% used [0x00000000d5580000,0x00000000d5580000,0x00000000d6500000)
  from space 2048K, 73% used [0x00000000d6700000,0x00000000d6878000,0x00000000d6900000)
  to   space 2048K, 0% used [0x00000000d6500000,0x00000000d6500000,0x00000000d6700000)
 ParOldGen       total 68608K, used 48122K [0x0000000080000000, 0x0000000084300000, 0x00000000d5580000)
  object space 68608K, 70% used [0x0000000080000000,0x0000000082efe900,0x0000000084300000)
 Metaspace       used 49350K, committed 50688K, reserved 1114112K
  class space    used 5345K, committed 5952K, reserved 1048576K
}
Event: 6.710 GC heap before
{Heap before GC invocations=33 (full 2):
 PSYoungGen      total 17920K, used 17376K [0x00000000d5580000, 0x00000000d6900000, 0x0000000100000000)
  eden space 15872K, 100% used [0x00000000d5580000,0x00000000d6500000,0x00000000d6500000)
  from space 2048K, 73% used [0x00000000d6700000,0x00000000d6878000,0x00000000d6900000)
  to   space 2048K, 0% used [0x00000000d6500000,0x00000000d6500000,0x00000000d6700000)
 ParOldGen       total 68608K, used 48122K [0x0000000080000000, 0x0000000084300000, 0x00000000d5580000)
  object space 68608K, 70% used [0x0000000080000000,0x0000000082efe900,0x0000000084300000)
 Metaspace       used 50439K, committed 51840K, reserved 1114112K
  class space    used 5464K, committed 6080K, reserved 1048576K
}
Event: 6.711 GC heap after
{Heap after GC invocations=33 (full 2):
 PSYoungGen      total 17920K, used 1824K [0x00000000d5580000, 0x00000000d6900000, 0x0000000100000000)
  eden space 15872K, 0% used [0x00000000d5580000,0x00000000d5580000,0x00000000d6500000)
  from space 2048K, 89% used [0x00000000d6500000,0x00000000d66c8000,0x00000000d6700000)
  to   space 2048K, 0% used [0x00000000d6700000,0x00000000d6700000,0x00000000d6900000)
 ParOldGen       total 68608K, used 49426K [0x0000000080000000, 0x0000000084300000, 0x00000000d5580000)
  object space 68608K, 72% used [0x0000000080000000,0x0000000083044b00,0x0000000084300000)
 Metaspace       used 50439K, committed 51840K, reserved 1114112K
  class space    used 5464K, committed 6080K, reserved 1048576K
}
Event: 6.860 GC heap before
{Heap before GC invocations=34 (full 2):
 PSYoungGen      total 17920K, used 17696K [0x00000000d5580000, 0x00000000d6900000, 0x0000000100000000)
  eden space 15872K, 100% used [0x00000000d5580000,0x00000000d6500000,0x00000000d6500000)
  from space 2048K, 89% used [0x00000000d6500000,0x00000000d66c8000,0x00000000d6700000)
  to   space 2048K, 0% used [0x00000000d6700000,0x00000000d6700000,0x00000000d6900000)
 ParOldGen       total 68608K, used 49426K [0x0000000080000000, 0x0000000084300000, 0x00000000d5580000)
  object space 68608K, 72% used [0x0000000080000000,0x0000000083044b00,0x0000000084300000)
 Metaspace       used 50640K, committed 52032K, reserved 1114112K
  class space    used 5469K, committed 6080K, reserved 1048576K
}
Event: 6.861 GC heap after
{Heap after GC invocations=34 (full 2):
 PSYoungGen      total 15872K, used 2016K [0x00000000d5580000, 0x00000000d6d00000, 0x0000000100000000)
  eden space 13824K, 0% used [0x00000000d5580000,0x00000000d5580000,0x00000000d6300000)
  from space 2048K, 98% used [0x00000000d6700000,0x00000000d68f8020,0x00000000d6900000)
  to   space 4096K, 0% used [0x00000000d6300000,0x00000000d6300000,0x00000000d6700000)
 ParOldGen       total 68608K, used 51143K [0x0000000080000000, 0x0000000084300000, 0x00000000d5580000)
  object space 68608K, 74% used [0x0000000080000000,0x00000000831f1e98,0x0000000084300000)
 Metaspace       used 50640K, committed 52032K, reserved 1114112K
  class space    used 5469K, committed 6080K, reserved 1048576K
}
Event: 6.935 GC heap before
{Heap before GC invocations=35 (full 2):
 PSYoungGen      total 15872K, used 15840K [0x00000000d5580000, 0x00000000d6d00000, 0x0000000100000000)
  eden space 13824K, 100% used [0x00000000d5580000,0x00000000d6300000,0x00000000d6300000)
  from space 2048K, 98% used [0x00000000d6700000,0x00000000d68f8020,0x00000000d6900000)
  to   space 4096K, 0% used [0x00000000d6300000,0x00000000d6300000,0x00000000d6700000)
 ParOldGen       total 68608K, used 51143K [0x0000000080000000, 0x0000000084300000, 0x00000000d5580000)
  object space 68608K, 74% used [0x0000000080000000,0x00000000831f1e98,0x0000000084300000)
 Metaspace       used 50758K, committed 52160K, reserved 1114112K
  class space    used 5469K, committed 6080K, reserved 1048576K
}
Event: 6.937 GC heap after
{Heap after GC invocations=35 (full 2):
 PSYoungGen      total 14848K, used 864K [0x00000000d5580000, 0x00000000d6780000, 0x0000000100000000)
  eden space 13824K, 0% used [0x00000000d5580000,0x00000000d5580000,0x00000000d6300000)
  from space 1024K, 84% used [0x00000000d6300000,0x00000000d63d8000,0x00000000d6400000)
  to   space 2048K, 0% used [0x00000000d6580000,0x00000000d6580000,0x00000000d6780000)
 ParOldGen       total 68608K, used 52919K [0x0000000080000000, 0x0000000084300000, 0x00000000d5580000)
  object space 68608K, 77% used [0x0000000080000000,0x00000000833adea8,0x0000000084300000)
 Metaspace       used 50758K, committed 52160K, reserved 1114112K
  class space    used 5469K, committed 6080K, reserved 1048576K
}
Event: 7.003 GC heap before
{Heap before GC invocations=36 (full 2):
 PSYoungGen      total 14848K, used 14688K [0x00000000d5580000, 0x00000000d6780000, 0x0000000100000000)
  eden space 13824K, 100% used [0x00000000d5580000,0x00000000d6300000,0x00000000d6300000)
  from space 1024K, 84% used [0x00000000d6300000,0x00000000d63d8000,0x00000000d6400000)
  to   space 2048K, 0% used [0x00000000d6580000,0x00000000d6580000,0x00000000d6780000)
 ParOldGen       total 68608K, used 52919K [0x0000000080000000, 0x0000000084300000, 0x00000000d5580000)
  object space 68608K, 77% used [0x0000000080000000,0x00000000833adea8,0x0000000084300000)
 Metaspace       used 50952K, committed 52352K, reserved 1114112K
  class space    used 5471K, committed 6080K, reserved 1048576K
}
Event: 7.004 GC heap after
{Heap after GC invocations=36 (full 2):
 PSYoungGen      total 15360K, used 1152K [0x00000000d5580000, 0x00000000d6700000, 0x0000000100000000)
  eden space 13824K, 0% used [0x00000000d5580000,0x00000000d5580000,0x00000000d6300000)
  from space 1536K, 75% used [0x00000000d6580000,0x00000000d66a0000,0x00000000d6700000)
  to   space 1536K, 0% used [0x00000000d6400000,0x00000000d6400000,0x00000000d6580000)
 ParOldGen       total 68608K, used 53547K [0x0000000080000000, 0x0000000084300000, 0x00000000d5580000)
  object space 68608K, 78% used [0x0000000080000000,0x000000008344aeb8,0x0000000084300000)
 Metaspace       used 50952K, committed 52352K, reserved 1114112K
  class space    used 5471K, committed 6080K, reserved 1048576K
}
Event: 7.066 GC heap before
{Heap before GC invocations=37 (full 2):
 PSYoungGen      total 15360K, used 14976K [0x00000000d5580000, 0x00000000d6700000, 0x0000000100000000)
  eden space 13824K, 100% used [0x00000000d5580000,0x00000000d6300000,0x00000000d6300000)
  from space 1536K, 75% used [0x00000000d6580000,0x00000000d66a0000,0x00000000d6700000)
  to   space 1536K, 0% used [0x00000000d6400000,0x00000000d6400000,0x00000000d6580000)
 ParOldGen       total 68608K, used 53547K [0x0000000080000000, 0x0000000084300000, 0x00000000d5580000)
  object space 68608K, 78% used [0x0000000080000000,0x000000008344aeb8,0x0000000084300000)
 Metaspace       used 51278K, committed 52672K, reserved 1114112K
  class space    used 5521K, committed 6144K, reserved 1048576K
}
Event: 7.067 GC heap after
{Heap after GC invocations=37 (full 2):
 PSYoungGen      total 15360K, used 1536K [0x00000000d5580000, 0x00000000d6a00000, 0x0000000100000000)
  eden space 13824K, 0% used [0x00000000d5580000,0x00000000d5580000,0x00000000d6300000)
  from space 1536K, 100% used [0x00000000d6400000,0x00000000d6580000,0x00000000d6580000)
  to   space 3584K, 0% used [0x00000000d6680000,0x00000000d6680000,0x00000000d6a00000)
 ParOldGen       total 68608K, used 54851K [0x0000000080000000, 0x0000000084300000, 0x00000000d5580000)
  object space 68608K, 79% used [0x0000000080000000,0x0000000083590eb8,0x0000000084300000)
 Metaspace       used 51278K, committed 52672K, reserved 1114112K
  class space    used 5521K, committed 6144K, reserved 1048576K
}
Event: 7.109 GC heap before
{Heap before GC invocations=38 (full 2):
 PSYoungGen      total 15360K, used 15360K [0x00000000d5580000, 0x00000000d6a00000, 0x0000000100000000)
  eden space 13824K, 100% used [0x00000000d5580000,0x00000000d6300000,0x00000000d6300000)
  from space 1536K, 100% used [0x00000000d6400000,0x00000000d6580000,0x00000000d6580000)
  to   space 3584K, 0% used [0x00000000d6680000,0x00000000d6680000,0x00000000d6a00000)
 ParOldGen       total 68608K, used 54851K [0x0000000080000000, 0x0000000084300000, 0x00000000d5580000)
  object space 68608K, 79% used [0x0000000080000000,0x0000000083590eb8,0x0000000084300000)
 Metaspace       used 51384K, committed 52800K, reserved 1114112K
  class space    used 5522K, committed 6144K, reserved 1048576K
}
Event: 7.110 GC heap after
{Heap after GC invocations=38 (full 2):
 PSYoungGen      total 15360K, used 1440K [0x00000000d5580000, 0x00000000d6800000, 0x0000000100000000)
  eden space 13824K, 0% used [0x00000000d5580000,0x00000000d5580000,0x00000000d6300000)
  from space 1536K, 93% used [0x00000000d6680000,0x00000000d67e8000,0x00000000d6800000)
  to   space 2048K, 0% used [0x00000000d6400000,0x00000000d6400000,0x00000000d6600000)
 ParOldGen       total 68608K, used 56286K [0x0000000080000000, 0x0000000084300000, 0x00000000d5580000)
  object space 68608K, 82% used [0x0000000080000000,0x00000000836f7bf8,0x0000000084300000)
 Metaspace       used 51384K, committed 52800K, reserved 1114112K
  class space    used 5522K, committed 6144K, reserved 1048576K
}
Event: 7.184 GC heap before
{Heap before GC invocations=39 (full 2):
 PSYoungGen      total 15360K, used 15264K [0x00000000d5580000, 0x00000000d6800000, 0x0000000100000000)
  eden space 13824K, 100% used [0x00000000d5580000,0x00000000d6300000,0x00000000d6300000)
  from space 1536K, 93% used [0x00000000d6680000,0x00000000d67e8000,0x00000000d6800000)
  to   space 2048K, 0% used [0x00000000d6400000,0x00000000d6400000,0x00000000d6600000)
 ParOldGen       total 68608K, used 56286K [0x0000000080000000, 0x0000000084300000, 0x00000000d5580000)
  object space 68608K, 82% used [0x0000000080000000,0x00000000836f7bf8,0x0000000084300000)
 Metaspace       used 51544K, committed 52992K, reserved 1114112K
  class space    used 5522K, committed 6144K, reserved 1048576K
}
Event: 7.185 GC heap after
{Heap after GC invocations=39 (full 2):
 PSYoungGen      total 15360K, used 1296K [0x00000000d5580000, 0x00000000d6700000, 0x0000000100000000)
  eden space 13824K, 0% used [0x00000000d5580000,0x00000000d5580000,0x00000000d6300000)
  from space 1536K, 84% used [0x00000000d6400000,0x00000000d6544010,0x00000000d6580000)
  to   space 1536K, 0% used [0x00000000d6580000,0x00000000d6580000,0x00000000d6700000)
 ParOldGen       total 68608K, used 57390K [0x0000000080000000, 0x0000000084300000, 0x00000000d5580000)
  object space 68608K, 83% used [0x0000000080000000,0x000000008380bbf8,0x0000000084300000)
 Metaspace       used 51544K, committed 52992K, reserved 1114112K
  class space    used 5522K, committed 6144K, reserved 1048576K
}
Event: 7.221 GC heap before
{Heap before GC invocations=40 (full 2):
 PSYoungGen      total 15360K, used 15120K [0x00000000d5580000, 0x00000000d6700000, 0x0000000100000000)
  eden space 13824K, 100% used [0x00000000d5580000,0x00000000d6300000,0x00000000d6300000)
  from space 1536K, 84% used [0x00000000d6400000,0x00000000d6544010,0x00000000d6580000)
  to   space 1536K, 0% used [0x00000000d6580000,0x00000000d6580000,0x00000000d6700000)
 ParOldGen       total 68608K, used 57390K [0x0000000080000000, 0x0000000084300000, 0x00000000d5580000)
  object space 68608K, 83% used [0x0000000080000000,0x000000008380bbf8,0x0000000084300000)
 Metaspace       used 51585K, committed 52992K, reserved 1114112K
  class space    used 5522K, committed 6144K, reserved 1048576K
}
Event: 7.222 GC heap after
{Heap after GC invocations=40 (full 2):
 PSYoungGen      total 15360K, used 1200K [0x00000000d5580000, 0x00000000d6700000, 0x0000000100000000)
  eden space 13824K, 0% used [0x00000000d5580000,0x00000000d5580000,0x00000000d6300000)
  from space 1536K, 78% used [0x00000000d6580000,0x00000000d66ac010,0x00000000d6700000)
  to   space 1536K, 0% used [0x00000000d6400000,0x00000000d6400000,0x00000000d6580000)
 ParOldGen       total 68608K, used 58282K [0x0000000080000000, 0x0000000084300000, 0x00000000d5580000)
  object space 68608K, 84% used [0x0000000080000000,0x00000000838eab48,0x0000000084300000)
 Metaspace       used 51585K, committed 52992K, reserved 1114112K
  class space    used 5522K, committed 6144K, reserved 1048576K
}
Event: 7.258 GC heap before
{Heap before GC invocations=41 (full 2):
 PSYoungGen      total 15360K, used 15024K [0x00000000d5580000, 0x00000000d6700000, 0x0000000100000000)
  eden space 13824K, 100% used [0x00000000d5580000,0x00000000d6300000,0x00000000d6300000)
  from space 1536K, 78% used [0x00000000d6580000,0x00000000d66ac010,0x00000000d6700000)
  to   space 1536K, 0% used [0x00000000d6400000,0x00000000d6400000,0x00000000d6580000)
 ParOldGen       total 68608K, used 58282K [0x0000000080000000, 0x0000000084300000, 0x00000000d5580000)
  object space 68608K, 84% used [0x0000000080000000,0x00000000838eab48,0x0000000084300000)
 Metaspace       used 51646K, committed 53056K, reserved 1114112K
  class space    used 5524K, committed 6144K, reserved 1048576K
}
Event: 7.260 GC heap after
{Heap after GC invocations=41 (full 2):
 PSYoungGen      total 15360K, used 1152K [0x00000000d5580000, 0x00000000d6600000, 0x0000000100000000)
  eden space 13824K, 0% used [0x00000000d5580000,0x00000000d5580000,0x00000000d6300000)
  from space 1536K, 75% used [0x00000000d6400000,0x00000000d6520020,0x00000000d6580000)
  to   space 512K, 0% used [0x00000000d6580000,0x00000000d6580000,0x00000000d6600000)
 ParOldGen       total 68608K, used 59066K [0x0000000080000000, 0x0000000084300000, 0x00000000d5580000)
  object space 68608K, 86% used [0x0000000080000000,0x00000000839aeb48,0x0000000084300000)
 Metaspace       used 51646K, committed 53056K, reserved 1114112K
  class space    used 5524K, committed 6144K, reserved 1048576K
}

